                            -----------Time Stamp: 2020-09-23 14:29:04.6189----------                             Log Level: Info
                                       Logger Name : HDFC.Core.Logging.NLogManager
                            Log Message : GetCategoryList - Category List
                            Exception Message: 
                Browser Detail:  
                Session Id:                            Extra Information:  

                            -----------Time Stamp: 2020-09-23 14:42:35.7011----------                             Log Level: Info
                                       Logger Name : HDFC.Core.Logging.NLogManager
                            Log Message : GetCategoryList - Category List
                            Exception Message: 
                Browser Detail:  
                Session Id:                            Extra Information:  

                            -----------Time Stamp: 2020-09-23 15:16:35.6128----------                             Log Level: Info
                                       Logger Name : HDFC.Core.Logging.NLogManager
                            Log Message : MasterManager - GetColorList started
                            Exception Message: 
                Browser Detail:  
                Session Id:                            Extra Information:  

                            -----------Time Stamp: 2020-09-23 15:16:56.8324----------                             Log Level: Info
                                       Logger Name : HDFC.Core.Logging.NLogManager
                            Log Message : MasterManager - GetBrandList started
                            Exception Message: 
                Browser Detail:  
                Session Id:                            Extra Information:  

                            -----------Time Stamp: 2020-09-23 15:21:42.5334----------                             Log Level: Info
                                       Logger Name : HDFC.Core.Logging.NLogManager
                            Log Message : MasterManager - GetColorList started
                            Exception Message: 
                Browser Detail:  
                Session Id:                            Extra Information:  

                            -----------Time Stamp: 2020-09-23 15:21:56.3203----------                             Log Level: Info
                                       Logger Name : HDFC.Core.Logging.NLogManager
                            Log Message : MasterManager - GetBrandList started
                            Exception Message: 
                Browser Detail:  
                Session Id:                            Extra Information:  

                            -----------Time Stamp: 2020-09-23 15:22:24.2878----------                             Log Level: Info
                                       Logger Name : HDFC.Core.Logging.NLogManager
                            Log Message : MasterManager - GetBrandList started
                            Exception Message: 
                Browser Detail:  
                Session Id:                            Extra Information:  

                            -----------Time Stamp: 2020-09-23 15:23:50.5774----------                             Log Level: Info
                                       Logger Name : HDFC.Core.Logging.NLogManager
                            Log Message : MasterManager - GetBrandList started
                            Exception Message: 
                Browser Detail:  
                Session Id:                            Extra Information:  

                            -----------Time Stamp: 2020-09-23 15:27:13.0724----------                             Log Level: Info
                                       Logger Name : HDFC.Core.Logging.NLogManager
                            Log Message : MasterManager - GetBrandList started
                            Exception Message: 
                Browser Detail:  
                Session Id:                            Extra Information:  

                            -----------Time Stamp: 2020-09-23 15:27:36.8663----------                             Log Level: Info
                                       Logger Name : HDFC.Core.Logging.NLogManager
                            Log Message : MasterManager - GetSizeList started
                            Exception Message: 
                Browser Detail:  
                Session Id:                            Extra Information:  

                            -----------Time Stamp: 2020-09-23 15:27:46.9492----------                             Log Level: Info
                                       Logger Name : HDFC.Core.Logging.NLogManager
                            Log Message : MasterManager - GetColorList started
                            Exception Message: 
                Browser Detail:  
                Session Id:                            Extra Information:  

                            -----------Time Stamp: 2020-09-23 15:28:11.4081----------                             Log Level: Info
                                       Logger Name : HDFC.Core.Logging.NLogManager
                            Log Message : MasterManager - GetColorList started
                            Exception Message: 
                Browser Detail:  
                Session Id:                            Extra Information:  

                            -----------Time Stamp: 2020-09-23 15:34:14.3787----------                             Log Level: Info
                                       Logger Name : HDFC.Core.Logging.NLogManager
                            Log Message : MasterManager - GetBrandList started
                            Exception Message: 
                Browser Detail:  
                Session Id:                            Extra Information:  

                            -----------Time Stamp: 2020-09-23 15:34:37.1101----------                             Log Level: Info
                                       Logger Name : HDFC.Core.Logging.NLogManager
                            Log Message : MasterManager - GetSizeList started
                            Exception Message: 
                Browser Detail:  
                Session Id:                            Extra Information:  

                            -----------Time Stamp: 2020-09-23 15:34:57.0002----------                             Log Level: Info
                                       Logger Name : HDFC.Core.Logging.NLogManager
                            Log Message : MasterManager - GetColorList started
                            Exception Message: 
                Browser Detail:  
                Session Id:                            Extra Information:  

                            -----------Time Stamp: 2020-09-23 16:41:45.7645----------                             Log Level: Info
                                       Logger Name : HDFC.Core.Logging.NLogManager
                            Log Message : CustomerManager - Validating customer
                            Exception Message: 
                Browser Detail:  
                Session Id:                            Extra Information:  

                            -----------Time Stamp: 2020-09-23 16:57:50.4435----------                             Log Level: Info
                                       Logger Name : HDFC.Core.Logging.NLogManager
                            Log Message : CustomerManager - Validating customer
                            Exception Message: 
                Browser Detail:  
                Session Id:                            Extra Information:  

