                            -----------Time Stamp: 2020-06-25 13:12:43.2317----------                             Log Level: Info
                                       Logger Name : HDFC.Core.Logging.NLogManager
                            Log Message : CustomerManager - Validating customer
                            Exception Message: 
                Browser Detail:  
                Session Id:                            Extra Information:  

                            -----------Time Stamp: 2020-06-25 13:13:07.1912----------                             Log Level: Info
                                       Logger Name : HDFC.Core.Logging.NLogManager
                            Log Message : CustomerManager - Validating customer
                            Exception Message: 
                Browser Detail:  
                Session Id:                            Extra Information:  

                            -----------Time Stamp: 2020-06-25 13:13:42.0111----------                             Log Level: Info
                                       Logger Name : HDFC.Core.Logging.NLogManager
                            Log Message : CustomerManager - Validating customer
                            Exception Message: 
                Browser Detail:  
                Session Id:                            Extra Information:  

                            -----------Time Stamp: 2020-06-25 13:14:32.0784----------                             Log Level: Info
                                       Logger Name : HDFC.Core.Logging.NLogManager
                            Log Message : CustomerManager - Validating customer
                            Exception Message: 
                Browser Detail:  
                Session Id:                            Extra Information:  

                            -----------Time Stamp: 2020-06-25 13:33:16.7048----------                             Log Level: Info
                                       Logger Name : HDFC.Core.Logging.NLogManager
                            Log Message : CustomerManager - Validating customer
                            Exception Message: 
                Browser Detail:  
                Session Id:                            Extra Information:  

                            -----------Time Stamp: 2020-06-25 13:34:55.4522----------                             Log Level: Info
                                       Logger Name : HDFC.Core.Logging.NLogManager
                            Log Message : CustomerManager - Validating customer
                            Exception Message: 
                Browser Detail:  
                Session Id:                            Extra Information:  

                            -----------Time Stamp: 2020-06-25 13:36:11.3139----------                             Log Level: Info
                                       Logger Name : HDFC.Core.Logging.NLogManager
                            Log Message : CustomerManager - Validating customer
                            Exception Message: 
                Browser Detail:  
                Session Id:                            Extra Information:  

                            -----------Time Stamp: 2020-06-25 13:36:14.2138----------                             Log Level: Info
                                       Logger Name : HDFC.Core.Logging.NLogManager
                            Log Message : UserManager - GetRefData started
                            Exception Message: 
                Browser Detail:  
                Session Id:                            Extra Information:  

                            -----------Time Stamp: 2020-06-25 13:36:48.1271----------                             Log Level: Info
                                       Logger Name : HDFC.Core.Logging.NLogManager
                            Log Message : GetAstrologerWithExpertAndLang- GetAstrologer WithExpert And Lang
                            Exception Message: 
                Browser Detail:  
                Session Id:                            Extra Information:  

                            -----------Time Stamp: 2020-06-25 13:36:55.2775----------                             Log Level: Info
                                       Logger Name : HDFC.Core.Logging.NLogManager
                            Log Message : RechargePlanManager - GetRechargePlanList started
                            Exception Message: 
                Browser Detail:  
                Session Id:                            Extra Information:  

                            -----------Time Stamp: 2020-06-25 13:37:01.9499----------                             Log Level: Info
                                       Logger Name : HDFC.Core.Logging.NLogManager
                            Log Message : RechargePlanManager - GetRechargeById started
                            Exception Message: 
                Browser Detail:  
                Session Id:                            Extra Information:  

                            -----------Time Stamp: 2020-06-25 13:37:35.1268----------                             Log Level: Info
                                       Logger Name : HDFC.Core.Logging.NLogManager
                            Log Message : UpdateCustomerWalletBalance start
                            Exception Message: 
                Browser Detail:  
                Session Id:                            Extra Information:  

                            -----------Time Stamp: 2020-06-25 13:37:37.7888----------                             Log Level: Info
                                       Logger Name : HDFC.Core.Logging.NLogManager
                            Log Message : OrderManager - InsertOrUpdate order started
                            Exception Message: 
                Browser Detail:  
                Session Id:                            Extra Information:  

                            -----------Time Stamp: 2020-06-25 13:37:40.4305----------                             Log Level: Info
                                       Logger Name : HDFC.Core.Logging.NLogManager
                            Log Message : GetCustomerTransactionHistory started
                            Exception Message: 
                Browser Detail:  
                Session Id:                            Extra Information:  

                            -----------Time Stamp: 2020-06-25 14:17:58.4425----------                             Log Level: Info
                                       Logger Name : HDFC.Core.Logging.NLogManager
                            Log Message : GetCustomerTransactionHistory started
                            Exception Message: 
                Browser Detail:  
                Session Id:                            Extra Information:  

                            -----------Time Stamp: 2020-06-25 14:50:36.2405----------                             Log Level: Info
                                       Logger Name : HDFC.Core.Logging.NLogManager
                            Log Message : GetAstrologerWithExpertAndLang- GetAstrologer WithExpert And Lang
                            Exception Message: 
                Browser Detail:  
                Session Id:                            Extra Information:  

                            -----------Time Stamp: 2020-06-25 14:50:57.0229----------                             Log Level: Info
                                       Logger Name : HDFC.Core.Logging.NLogManager
                            Log Message : CustomerManager - Validating customer
                            Exception Message: 
                Browser Detail:  
                Session Id:                            Extra Information:  

                            -----------Time Stamp: 2020-06-25 14:50:59.8759----------                             Log Level: Info
                                       Logger Name : HDFC.Core.Logging.NLogManager
                            Log Message : UserManager - GetRefData started
                            Exception Message: 
                Browser Detail:  
                Session Id:                            Extra Information:  

                            -----------Time Stamp: 2020-06-25 14:51:13.7156----------                             Log Level: Info
                                       Logger Name : HDFC.Core.Logging.NLogManager
                            Log Message : GetIntakeFormByIntakeType - start
                            Exception Message: 
                Browser Detail:  
                Session Id:                            Extra Information:  

                            -----------Time Stamp: 2020-06-25 14:56:00.0554----------                             Log Level: Info
                                       Logger Name : HDFC.Core.Logging.NLogManager
                            Log Message : ValidateUser - Validate User started
                            Exception Message: 
                Browser Detail:  
                Session Id:                            Extra Information:  

                            -----------Time Stamp: 2020-06-25 14:56:02.9527----------                             Log Level: Info
                                       Logger Name : HDFC.Core.Logging.NLogManager
                            Log Message : UserManager - GetRefData started
                            Exception Message: 
                Browser Detail:  
                Session Id:                            Extra Information:  

                            -----------Time Stamp: 2020-06-25 14:56:05.7762----------                             Log Level: Info
                                       Logger Name : HDFC.Core.Logging.NLogManager
                            Log Message : UserManager - GetUserList started
                            Exception Message: 
                Browser Detail:  
                Session Id:                            Extra Information:  

                            -----------Time Stamp: 2020-06-25 14:56:27.4718----------                             Log Level: Info
                                       Logger Name : HDFC.Core.Logging.NLogManager
                            Log Message : GetCategoryList - Category List
                            Exception Message: 
                Browser Detail:  
                Session Id:                            Extra Information:  

                            -----------Time Stamp: 2020-06-25 14:56:37.5194----------                             Log Level: Info
                                       Logger Name : HDFC.Core.Logging.NLogManager
                            Log Message : AstroBlogManager - GetBlogList started
                            Exception Message: 
                Browser Detail:  
                Session Id:                            Extra Information:  

                            -----------Time Stamp: 2020-06-25 14:57:10.1523----------                             Log Level: Info
                                       Logger Name : HDFC.Core.Logging.NLogManager
                            Log Message : AstroBlogManager - InsertOrUpdate blog started
                            Exception Message: 
                Browser Detail:  
                Session Id:                            Extra Information:  

