                            -----------Time Stamp: 2020-07-21 00:36:25.8216----------                             Log Level: Info
                                       Logger Name : HDFC.Core.Logging.NLogManager
                            Log Message : GetAstrologerList - GetAstrologerList
                            Exception Message: 
                Browser Detail:  
                Session Id:                            Extra Information:  

                            -----------Time Stamp: 2020-07-21 00:40:52.6378----------                             Log Level: Info
                                       Logger Name : HDFC.Core.Logging.NLogManager
                            Log Message : GetAstrologerList - GetAstrologerList
                            Exception Message: 
                Browser Detail:  
                Session Id:                            Extra Information:  

                            -----------Time Stamp: 2020-07-21 12:55:32.3820----------                             Log Level: Info
                                       Logger Name : HDFC.Core.Logging.NLogManager
                            Log Message : GetAstrologerList - GetAstrologerList
                            Exception Message: 
                Browser Detail:  
                Session Id:                            Extra Information:  

                            -----------Time Stamp: 2020-07-21 12:58:51.0791----------                             Log Level: Info
                                       Logger Name : HDFC.Core.Logging.NLogManager
                            Log Message : GetAstrologerList - GetAstrologerList
                            Exception Message: 
                Browser Detail:  
                Session Id:                            Extra Information:  

