                            -----------Time Stamp: 2020-08-26 11:30:16.7079----------                             Log Level: Info
                                       Logger Name : HDFC.Core.Logging.NLogManager
                            Log Message : GetAstrologerList - GetAstrologerList
                            Exception Message: 
                Browser Detail:  
                Session Id:                            Extra Information:  

                            -----------Time Stamp: 2020-08-26 11:32:41.4157----------                             Log Level: Info
                                       Logger Name : HDFC.Core.Logging.NLogManager
                            Log Message : GetAstrologerList - GetAstrologerList
                            Exception Message: 
                Browser Detail:  
                Session Id:                            Extra Information:  

                            -----------Time Stamp: 2020-08-26 11:35:31.1334----------                             Log Level: Info
                                       Logger Name : HDFC.Core.Logging.NLogManager
                            Log Message : GetAstrologerList - GetAstrologerList
                            Exception Message: 
                Browser Detail:  
                Session Id:                            Extra Information:  

                            -----------Time Stamp: 2020-08-26 11:36:59.1692----------                             Log Level: Info
                                       Logger Name : HDFC.Core.Logging.NLogManager
                            Log Message : GetAstrologerList - GetAstrologerList
                            Exception Message: 
                Browser Detail:  
                Session Id:                            Extra Information:  

