                            -----------Time Stamp: 2020-08-14 15:51:24.7835----------                             Log Level: Info
                                       Logger Name : HDFC.Core.Logging.NLogManager
                            Log Message : CustomerManager - Validating customer
                            Exception Message: 
                Browser Detail:  
                Session Id:                            Extra Information:  

                            -----------Time Stamp: 2020-08-14 15:51:37.4693----------                             Log Level: Info
                                       Logger Name : HDFC.Core.Logging.NLogManager
                            Log Message : CustomerManager - Validating customer
                            Exception Message: 
                Browser Detail:  
                Session Id:                            Extra Information:  

                            -----------Time Stamp: 2020-08-14 15:53:22.9554----------                             Log Level: Info
                                       Logger Name : HDFC.Core.Logging.NLogManager
                            Log Message : CustomerManager - Validating customer
                            Exception Message: 
                Browser Detail:  
                Session Id:                            Extra Information:  

                            -----------Time Stamp: 2020-08-14 15:53:52.4938----------                             Log Level: Info
                                       Logger Name : HDFC.Core.Logging.NLogManager
                            Log Message : CustomerManager - Validating customer
                            Exception Message: 
                Browser Detail:  
                Session Id:                            Extra Information:  

